 
****************************************
Report : area
Design : Cgra_Hw
Version: P-2019.03
Date   : Sun Mar 24 14:33:28 2019
****************************************

Library(s) Used:

    um28nphhlogl30hsh140f_ffgbc0p99vn40c (File: /home/sihao/Synopsys/UMC_28nm/UltraHighDensity/LogicLibrary/30nm/HPC_plus/HVT/liberty/ccs/um28nphhlogl30hsh140f_ffgbc0p99vn40c.db)

Number of ports:                         8135
Number of nets:                        178213
Number of cells:                       170239
Number of combinational cells:         143403
Number of sequential cells:             24370
Number of macros/black boxes:               0
Number of buf/inv:                      37026
Number of references:                     205

Combinational area:              98675.303128
Buf/Inv area:                    14941.079869
Noncombinational area:           80638.149870
Macro/Black Box area:                0.000000
Net Interconnect area:      undefined  (No wire load specified)

Total cell area:                179313.452998
Total area:                 undefined
1
