 
****************************************
Report : timing
        -path full
        -delay max
        -nets
        -max_paths 1
        -transition_time
Design : Cgra_Hw
Version: P-2019.03
Date   : Sun Mar 24 07:12:04 2019
****************************************

 # A fanout number of 1000 was used for high fanout net computations.

Operating Conditions: FFGBC0P99VN40C   Library: um28nphhlogl30hsh140f_ffgbc0p99vn40c
Wire Load Model Mode: enclosed

  Startpoint: Dedicated_PE_Hw_4_all_delaypipes_hw_1_Queue/u_T_reg_11__54_
              (rising edge-triggered flip-flop clocked by ideal_clock1)
  Endpoint: Dedicated_PE_Hw_4_div_31_R_80455
            (rising edge-triggered flip-flop clocked by ideal_clock1)
  Path Group: ideal_clock1
  Path Type: max

Attributes:
    d - dont_touch
    u - dont_use
   mo - map_only
   so - size_only
    i - ideal_net or ideal_network
  inf - infeasible path

  Point                                       Fanout     Trans      Incr       Path      Attributes
  ---------------------------------------------------------------------------------------------------------
  clock ideal_clock1 (rise edge)                                    0.00       0.00
  clock network delay (ideal)                                       0.00       0.00
  Dedicated_PE_Hw_4_all_delaypipes_hw_1_Queue/u_T_reg_11__54_/CK (STH_FSDPQO_F4_2)     0.00     0.00 #     0.00 r
  Dedicated_PE_Hw_4_all_delaypipes_hw_1_Queue/u_T_reg_11__54_/Q (STH_FSDPQO_F4_2)     0.01     0.01     0.01 f
  Dedicated_PE_Hw_4_all_delaypipes_hw_1_Queue/n_T[266] (net)     1     0.00     0.01 f
  Dedicated_PE_Hw_4_all_delaypipes_hw_1_Queue/U731/X (STH_INV_N250_1)     0.01     0.01     0.02 r
  Dedicated_PE_Hw_4_all_delaypipes_hw_1_Queue/n1358 (net)     2     0.00       0.02 r
  Dedicated_PE_Hw_4_all_delaypipes_hw_1_Queue/U123/X (STH_OAI22_T_1P5)     0.01     0.02     0.04 f
  Dedicated_PE_Hw_4_all_delaypipes_hw_1_Queue/n1361 (net)     1     0.00       0.04 f
  Dedicated_PE_Hw_4_all_delaypipes_hw_1_Queue/U3235/X (STH_NR3_T_2)     0.01     0.01     0.05 r
  Dedicated_PE_Hw_4_all_delaypipes_hw_1_Queue/n5330 (net)     1     0.00       0.05 r
  Dedicated_PE_Hw_4_all_delaypipes_hw_1_Queue/U648/X (STH_ND2_T_1P5)     0.01     0.01     0.06 f
  Dedicated_PE_Hw_4_all_delaypipes_hw_1_Queue/io_deq_bits[54] (net)     2     0.00     0.06 f
  Dedicated_PE_Hw_4_all_delaypipes_hw_1_Queue/io_deq_bits[54] (Queue_2)     0.00     0.06 f
  Dedicated_PE_Hw_4_all_delaypipes_hw_1_io_out_bits[54] (net)       0.00       0.06 f
  U21237/X (STH_NR2_T_0P8)                                0.01      0.01       0.07 r
  n26636 (net)                                  1                   0.00       0.07 r
  U24219/X (STH_ND2_T_1)                                  0.01      0.01       0.09 f
  n8053 (net)                                   1                   0.00       0.09 f
  U23827/X (STH_NR2_T_2)                                  0.01      0.01       0.10 r
  n74326 (net)                                  3                   0.00       0.10 r
  U22966/X (STH_ND2_T_2)                                  0.01      0.01       0.11 f
  n7862 (net)                                   1                   0.00       0.11 f
  U22965/X (STH_NR2_T_2)                                  0.01      0.01       0.12 r
  n22365 (net)                                  1                   0.00       0.12 r
  U24397/X (STH_ND3_MM_4)                                 0.01      0.01       0.13 f
  n28572 (net)                                  2                   0.00       0.13 f
  U24396/X (STH_NR2_T_3)                                  0.01      0.01       0.14 r
  n11249 (net)                                  1                   0.00       0.14 r
  U62000/X (STH_NR2_T_4)                                  0.01      0.01       0.15 f
  n11238 (net)                                  6                   0.00       0.15 f
  U23395/X (STH_NR2_T_3)                                  0.01      0.01       0.16 r
  n25957 (net)                                  1                   0.00       0.16 r
  U38231/X (STH_NR2_T_4)                                  0.01      0.01       0.16 f
  n75824 (net)                                  4                   0.00       0.16 f
  U73818/X (STH_NR3_T_2)                                  0.02      0.02       0.18 r
  n27435 (net)                                  2                   0.00       0.18 r
  U23531/X (STH_NR2_T_4)                                  0.01      0.01       0.19 f
  n16507 (net)                                  3                   0.00       0.19 f
  U23848/X (STH_NR2_T_3)                                  0.01      0.01       0.20 r
  n16506 (net)                                  1                   0.00       0.20 r
  U63871/X (STH_AOI21_MM_4)                               0.02      0.01       0.21 f
  n30748 (net)                                  1                   0.00       0.21 f
  U60462/X (STH_ND2_T_8)                                  0.01      0.01       0.23 r
  n75823 (net)                                  9                   0.00       0.23 r
  U21383/X (STH_ND2_T_4)                                  0.01      0.01       0.24 f
  n25766 (net)                                  1                   0.00       0.24 f
  U78313/X (STH_NR2_T_6)                                  0.01      0.01       0.25 r
  n28378 (net)                                  2                   0.00       0.25 r
  U78261/X (STH_NR2_T_6)                                  0.01      0.01       0.26 f
  n25764 (net)                                  1                   0.00       0.26 f
  U62278/X (STH_ND2_T_6)                                  0.01      0.01       0.27 r
  n28160 (net)                                  2                   0.00       0.27 r
  U24857/X (STH_INV_N250_4)                               0.01      0.01       0.27 f
  n27238 (net)                                  1                   0.00       0.27 f
  U59408/X (STH_NR2_T_3)                                  0.01      0.01       0.28 r
  n28474 (net)                                  1                   0.00       0.28 r
  U63096/X (STH_AOI21_MM_4)                               0.02      0.02       0.30 f
  n29581 (net)                                  1                   0.00       0.30 f
  U74750/X (STH_OAI22_T_8)                                0.03      0.02       0.31 r
  n75818 (net)                                 18                   0.00       0.31 r
  U21661/X (STH_ND2_T_2)                                  0.01      0.02       0.33 f
  n27940 (net)                                  1                   0.00       0.33 f
  U19852/X (STH_NR2_T_3)                                  0.01      0.01       0.34 r
  n27939 (net)                                  1                   0.00       0.34 r
  U25752/X (STH_OAI21_T_8)                                0.01      0.01       0.36 f
  n27936 (net)                                  1                   0.00       0.36 f
  U74641/X (STH_ND2_T_8)                                  0.01      0.01       0.37 r
  n31923 (net)                                  5                   0.00       0.37 r
  U74639/X (STH_INV_N250_16)                              0.01      0.01       0.38 f
  n32026 (net)                                  7                   0.00       0.38 f
  U24944/X (STH_INV_N250_16)                              0.01      0.01       0.38 r
  n12037 (net)                                  4                   0.00       0.38 r
  U20834/X (STH_NR2_T_6)                                  0.01      0.01       0.39 f
  n88903 (net)                                  1                   0.00       0.39 f
  U21379/X (STH_NR2_T_5)                                  0.01      0.01       0.40 r
  n8057 (net)                                   1                   0.00       0.40 r
  U20978/X (STH_ND2_T_6)                                  0.01      0.01       0.41 f
  n12710 (net)                                  2                   0.00       0.41 f
  U62152/X (STH_NR2_T_5)                                  0.01      0.01       0.42 r
  n23190 (net)                                  1                   0.00       0.42 r
  U20942/X (STH_ND2_T_6)                                  0.01      0.01       0.43 f
  n32028 (net)                                  4                   0.00       0.43 f
  U61373/X (STH_ND2_T_2)                                  0.01      0.01       0.44 r
  n9714 (net)                                   1                   0.00       0.44 r
  U61372/X (STH_NR2_T_3)                                  0.01      0.01       0.45 f
  n9713 (net)                                   1                   0.00       0.45 f
  U62098/X (STH_NR3_T_4)                                  0.01      0.01       0.46 r
  n9712 (net)                                   1                   0.00       0.46 r
  U61371/X (STH_NR2_T_6)                                  0.01      0.01       0.47 f
  n16138 (net)                                  6                   0.00       0.47 f
  U63791/X (STH_INV_N250_8)                               0.01      0.01       0.48 r
  n32343 (net)                                  2                   0.00       0.48 r
  U59358/X (STH_NR3_T_4)                                  0.01      0.01       0.49 f
  n88751 (net)                                  1                   0.00       0.49 f
  U59336/X (STH_NR2_T_5)                                  0.01      0.01       0.50 r
  n15495 (net)                                  4                   0.00       0.50 r
  U63581/X (STH_AOI21_MM_4)                               0.02      0.02       0.52 f
  n23313 (net)                                  1                   0.00       0.52 f
  U73764/X (STH_OAI21_T_8)                                0.02      0.02       0.54 r
  n75747 (net)                                 10                   0.00       0.54 r
  U21819/X (STH_AOI21_MM_4)                               0.02      0.02       0.56 f
  n32423 (net)                                  3                   0.00       0.56 f
  U20854/X (STH_NR2_T_8)                                  0.01      0.01       0.58 r
  n9808 (net)                                  11                   0.00       0.58 r
  U61398/X (STH_INV_N250_4)                               0.01      0.01       0.59 f
  n13147 (net)                                  4                   0.00       0.59 f
  U24200/X (STH_NR2_T_2)                                  0.01      0.01       0.60 r
  n19434 (net)                                  3                   0.00       0.60 r
  U30586/X (STH_NR2_T_1)                                  0.02      0.01       0.61 f
  n10769 (net)                                  1                   0.00       0.61 f
  U24912/X (STH_NR2_T_2)                                  0.01      0.01       0.62 r
  n32758 (net)                                  3                   0.00       0.62 r
  U62154/X (STH_NR3_T_1P5)                                0.01      0.01       0.63 f
  n11198 (net)                                  1                   0.00       0.63 f
  U21010/X (STH_NR3_T_2)                                  0.01      0.01       0.64 r
  n10752 (net)                                  1                   0.00       0.64 r
  U38894/X (STH_NR2_T_1P5)                                0.01      0.01       0.65 f
  n10681 (net)                                  1                   0.00       0.65 f
  U24913/X (STH_NR2_T_3)                                  0.01      0.01       0.66 r
  n9149 (net)                                   4                   0.00       0.66 r
  U22837/X (STH_NR2_T_1P5)                                0.01      0.01       0.67 f
  n10678 (net)                                  1                   0.00       0.67 f
  U20096/X (STH_NR2_T_2)                                  0.01      0.01       0.68 r
  n89218 (net)                                  1                   0.00       0.68 r
  U31234/X (STH_NR2_T_4)                                  0.01      0.01       0.69 f
  n27044 (net)                                  1                   0.00       0.69 f
  U74662/X (STH_OAI21_T_8)                                0.02      0.01       0.70 r
  n27869 (net)                                  4                   0.00       0.70 r
  U23157/X (STH_ND2_T_5)                                  0.02      0.02       0.72 f
  n27573 (net)                                  1                   0.00       0.72 f
  U59475/X (STH_NR2_T_12)                                 0.01      0.01       0.73 r
  n13360 (net)                                  7                   0.00       0.73 r
  U21831/X (STH_INV_N250_8)                               0.01      0.01       0.74 f
  n11260 (net)                                  3                   0.00       0.74 f
  U24450/X (STH_NR3_T_4)                                  0.01      0.01       0.75 r
  n10052 (net)                                  1                   0.00       0.75 r
  U21688/X (STH_NR2_T_4)                                  0.01      0.01       0.76 f
  n22377 (net)                                  2                   0.00       0.76 f
  U22954/X (STH_ND2_T_8)                                  0.01      0.01       0.77 r
  n13759 (net)                                 12                   0.00       0.77 r
  U61484/X (STH_NR2_T_0P5)                                0.02      0.02       0.78 f
  n33010 (net)                                  2                   0.00       0.78 f
  U18406/X (STH_NR2_T_1)                                  0.01      0.02       0.80 r
  n33040 (net)                                  2                   0.00       0.80 r
  U22542/X (STH_ND2_T_2)                                  0.01      0.01       0.81 f
  n15322 (net)                                  2                   0.00       0.81 f
  U34703/X (STH_NR2_T_1P5)                                0.01      0.01       0.82 r
  n88679 (net)                                  1                   0.00       0.82 r
  U30979/X (STH_ND2_T_2)                                  0.02      0.02       0.84 f
  n7224 (net)                                   1                   0.00       0.84 f
  U20579/X (STH_OAI21_MM_8)                               0.01      0.02       0.86 r
  n14063 (net)                                  2                   0.00       0.86 r
  U20578/X (STH_INV_N250_6)                               0.01      0.01       0.86 f
  n13868 (net)                                  1                   0.00       0.86 f
  U18309/X (STH_NR2_T_6)                                  0.01      0.01       0.88 r
  n15627 (net)                                  2                   0.00       0.88 r
  U21586/X (STH_NR2_T_6)                                  0.01      0.01       0.89 f
  n16714 (net)                                  2                   0.00       0.89 f
  U18233/X (STH_INV_N250_6)                               0.01      0.01       0.89 r
  n16579 (net)                                  1                   0.00       0.89 r
  U21874/X (STH_OAI22_T_8)                                0.02      0.02       0.91 f
  n10768 (net)                                  8                   0.00       0.91 f
  U24348/X (STH_NR2_T_2)                                  0.02      0.02       0.92 r
  n10781 (net)                                  1                   0.00       0.92 r
  U22949/X (STH_NR2_T_6)                                  0.01      0.01       0.94 f
  n13631 (net)                                 12                   0.00       0.94 f
  U23154/X (STH_NR2_T_1)                                  0.01      0.01       0.95 r
  n24688 (net)                                  1                   0.00       0.95 r
  U92843/X (STH_NR2_T_2)                                  0.01      0.01       0.96 f
  n23386 (net)                                  4                   0.00       0.96 f
  U17924/X (STH_NR2_T_1P5)                                0.01      0.01       0.97 r
  n14125 (net)                                  2                   0.00       0.97 r
  U26391/X (STH_AOI21_MM_2)                               0.01      0.01       0.99 f
  n24687 (net)                                  2                   0.00       0.99 f
  U26332/X (STH_OAI21_T_1P5)                              0.02      0.02       1.00 r
  n33669 (net)                                  2                   0.00       1.00 r
  U24230/X (STH_ND2_T_3)                                  0.01      0.01       1.02 f
  n9921 (net)                                   1                   0.00       1.02 f
  U22142/X (STH_ND2_T_6)                                  0.01      0.01       1.03 r
  n33660 (net)                                  3                   0.00       1.03 r
  U22141/X (STH_ND2_T_5)                                  0.01      0.01       1.04 f
  n26920 (net)                                  1                   0.00       1.04 f
  U34332/X (STH_NR2_T_4)                                  0.01      0.01       1.05 r
  n10491 (net)                                  2                   0.00       1.05 r
  U61645/X (STH_NR2_T_5)                                  0.01      0.01       1.05 f
  n10511 (net)                                  5                   0.00       1.05 f
  U61642/X (STH_NR2_T_3)                                  0.01      0.01       1.06 r
  n10686 (net)                                  1                   0.00       1.06 r
  U22377/X (STH_ND2_T_3)                                  0.01      0.01       1.07 f
  n10684 (net)                                  1                   0.00       1.07 f
  U24141/X (STH_ND3_T_4)                                  0.01      0.01       1.08 r
  n8088 (net)                                   1                   0.00       1.08 r
  U24139/X (STH_ND2_T_8)                                  0.03      0.02       1.10 f
  n10797 (net)                                  7                   0.00       1.10 f
  U21242/X (STH_NR2_T_6)                                  0.02      0.02       1.12 r
  n10833 (net)                                 15                   0.00       1.12 r
  U18257/X (STH_ND2_T_0P5)                                0.02      0.02       1.13 f
  n15392 (net)                                  1                   0.00       1.13 f
  U21559/X (STH_INV_N250_2)                               0.01      0.01       1.15 r
  n8006 (net)                                   1                   0.00       1.15 r
  U22019/X (STH_NR2_T_4)                                  0.01      0.01       1.15 f
  n8005 (net)                                   1                   0.00       1.15 f
  U23534/X (STH_ND2_T_6)                                  0.01      0.01       1.16 r
  n10663 (net)                                  2                   0.00       1.16 r
  U17200/X (STH_INV_N250_3)                               0.01      0.01       1.17 f
  n9006 (net)                                   2                   0.00       1.17 f
  U17930/X (STH_ND2_T_1P75)                               0.01      0.01       1.18 r
  n35061 (net)                                  2                   0.00       1.18 r
  U17846/X (STH_ND2_T_3)                                  0.01      0.01       1.19 f
  n21013 (net)                                  2                   0.00       1.19 f
  U17477/X (STH_NR2_T_2)                                  0.01      0.01       1.20 r
  n26584 (net)                                  2                   0.00       1.20 r
  U34075/X (STH_ND2_T_2)                                  0.01      0.01       1.21 f
  n30337 (net)                                  2                   0.00       1.21 f
  U26111/X (STH_NR2_T_3)                                  0.01      0.01       1.22 r
  n7391 (net)                                   1                   0.00       1.22 r
  U21416/X (STH_ND2_T_4)                                  0.01      0.01       1.24 f
  n23563 (net)                                  1                   0.00       1.24 f
  U22901/X (STH_ND2_T_6)                                  0.01      0.01       1.25 r
  n35311 (net)                                  7                   0.00       1.25 r
  U21674/X (STH_ND2_T_3)                                  0.01      0.01       1.26 f
  n29043 (net)                                  1                   0.00       1.26 f
  U33910/X (STH_NR2_T_4)                                  0.01      0.01       1.27 r
  n20487 (net)                                  2                   0.00       1.27 r
  U63068/X (STH_NR2_T_6)                                  0.01      0.01       1.28 f
  n13495 (net)                                  4                   0.00       1.28 f
  U54548/X (STH_ND2_T_4)                                  0.01      0.01       1.28 r
  n89762 (net)                                  1                   0.00       1.28 r
  U60880/X (STH_ND2_T_4)                                  0.01      0.01       1.29 f
  n27424 (net)                                  1                   0.00       1.29 f
  U73125/X (STH_NR2_T_6)                                  0.02      0.01       1.31 r
  n27707 (net)                                  2                   0.00       1.31 r
  U22308/X (STH_NR2_T_16)                                 0.01      0.01       1.32 f
  n34599 (net)                                  5                   0.00       1.32 f
  U23170/X (STH_NR2_T_1)                                  0.01      0.01       1.33 r
  n34601 (net)                                  1                   0.00       1.33 r
  U21697/X (STH_NR2_T_2)                                  0.01      0.01       1.34 f
  n23725 (net)                                  1                   0.00       1.34 f
  U23678/X (STH_INV_N250_4)                               0.01      0.01       1.35 r
  n27935 (net)                                  2                   0.00       1.35 r
  U21693/X (STH_ND2_T_6)                                  0.01      0.01       1.36 f
  n22776 (net)                                  7                   0.00       1.36 f
  U21672/X (STH_NR2_T_1)                                  0.01      0.01       1.37 r
  n36071 (net)                                  2                   0.00       1.37 r
  U43158/X (STH_AOI21_T_1)                                0.02      0.01       1.38 f
  n25783 (net)                                  1                   0.00       1.38 f
  U16186/X (STH_NR2_T_1)                                  0.01      0.01       1.39 r
  n36083 (net)                                  2                   0.00       1.39 r
  U16165/X (STH_NR2_T_2)                                  0.01      0.01       1.40 f
  n16386 (net)                                  3                   0.00       1.40 f
  U55953/X (STH_ND2_T_1P5)                                0.01      0.01       1.41 r
  n20871 (net)                                  1                   0.00       1.41 r
  U21601/X (STH_ND2_T_1P75)                               0.01      0.01       1.42 f
  n15403 (net)                                  2                   0.00       1.42 f
  U15958/X (STH_OAI21_MM_4)                               0.01      0.01       1.43 r
  n36298 (net)                                  3                   0.00       1.43 r
  U52932/X (STH_NR3_T_2)                                  0.01      0.01       1.44 f
  n88373 (net)                                  1                   0.00       1.44 f
  U53035/X (STH_NR3_T_2)                                  0.01      0.01       1.45 r
  n20488 (net)                                  3                   0.00       1.45 r
  U15404/X (STH_DEL_L4V1_2)                               0.01      0.04       1.49 r
  n15934 (net)                                  4                   0.00       1.49 r
  U24603/X (STH_NR2_T_1P5)                                0.01      0.01       1.50 f
  n35739 (net)                                  2                   0.00       1.50 f
  U24308/X (STH_NR2_T_1P5)                                0.01      0.01       1.51 r
  n8111 (net)                                   1                   0.00       1.51 r
  U24307/X (STH_EO2_F_0P85)                               0.01      0.02       1.53 r
  n18911 (net)                                  1                   0.00       1.53 r
  U25702/X (STH_OAI22_MM_1)                               0.02      0.01       1.54 f
  n35619 (net)                                  1                   0.00       1.54 f
  U33344/X (STH_INV_N250_1P25)                            0.01      0.01       1.55 r
  n28951 (net)                                  1                   0.00       1.55 r
  U15235/X (STH_ND2_T_1P75)                               0.02      0.01       1.56 f
  n10219 (net)                                  1                   0.00       1.56 f
  U21791/X (STH_ND2_T_4)                                  0.01      0.01       1.57 r
  n9140 (net)                                   2                   0.00       1.57 r
  U24125/X (STH_NR2_T_1P5)                                0.01      0.01       1.59 f
  n25517 (net)                                  1                   0.00       1.59 f
  U15118/X (STH_ND2_T_3)                                  0.01      0.01       1.60 r
  n35966 (net)                                  2                   0.00       1.60 r
  U22924/X (STH_INV_N250_3)                               0.01      0.01       1.60 f
  n22184 (net)                                  2                   0.00       1.60 f
  U21423/X (STH_NR2_T_3)                                  0.01      0.01       1.61 r
  n47938 (net)                                  2                   0.00       1.61 r
  U24092/X (STH_ND2_T_3)                                  0.01      0.01       1.62 f
  n13750 (net)                                  2                   0.00       1.62 f
  U25476/X (STH_OAI21_V1T_1)                              0.01      0.01       1.64 r
  n13746 (net)                                  1                   0.00       1.64 r
  U48475/X (STH_NR2_T_2)                                  0.01      0.01       1.65 f
  n22728 (net)                                  1                   0.00       1.65 f
  U21108/X (STH_NR2_T_4)                                  0.01      0.01       1.66 r
  n23010 (net)                                  1                   0.00       1.66 r
  U73693/X (STH_ND2_T_8)                                  0.02      0.02       1.68 f
  n30333 (net)                                 10                   0.00       1.68 f
  U21185/X (STH_NR2_T_2)                                  0.01      0.01       1.69 r
  n26859 (net)                                  1                   0.00       1.69 r
  U23193/X (STH_INV_N250_3)                               0.01      0.01       1.70 f
  n14192 (net)                                  1                   0.00       1.70 f
  U54625/X (STH_OAI22_T_8)                                0.02      0.01       1.72 r
  n9139 (net)                                   3                   0.00       1.72 r
  U21351/X (STH_ND2_T_8)                                  0.01      0.02       1.73 f
  n7367 (net)                                   1                   0.00       1.73 f
  U21350/X (STH_ND2_T_16)                                 0.01      0.01       1.75 r
  n29267 (net)                                 10                   0.00       1.75 r
  U24928/X (STH_DEL_L4V1_4)                               0.01      0.04       1.79 r
  n9279 (net)                                   2                   0.00       1.79 r
  U22654/X (STH_AOI21_T_8)                                0.02      0.01       1.79 f
  n9867 (net)                                   6                   0.00       1.79 f
  U13893/X (STH_NR3_T_0P65)                               0.03      0.02       1.81 r
  n14080 (net)                                  2                   0.00       1.81 r
  U60845/X (STH_NR2_T_1P5)                                0.01      0.01       1.83 f
  n48368 (net)                                  3                   0.00       1.83 f
  U32309/X (STH_INV_N250_1P25)                            0.01      0.01       1.84 r
  n9276 (net)                                   1                   0.00       1.84 r
  U32279/X (STH_NR2_T_1P5)                                0.01      0.01       1.84 f
  n20188 (net)                                  2                   0.00       1.84 f
  U32258/X (STH_NR2_T_1)                                  0.01      0.01       1.85 r
  n20187 (net)                                  1                   0.00       1.85 r
  U36282/X (STH_NR2_T_1P5)                                0.01      0.01       1.86 f
  n13454 (net)                                  1                   0.00       1.86 f
  U56505/X (STH_NR2_T_3)                                  0.01      0.01       1.88 r
  n15494 (net)                                  5                   0.00       1.88 r
  U55249/X (STH_NR3_T_4)                                  0.01      0.01       1.89 f
  n7667 (net)                                   1                   0.00       1.89 f
  U54537/X (STH_NR3_T_8)                                  0.01      0.01       1.90 r
  n20299 (net)                                  9                   0.00       1.90 r
  U13285/X (STH_NR2_T_1)                                  0.01      0.01       1.91 f
  n49397 (net)                                  2                   0.00       1.91 f
  U40864/X (STH_AOI21_MM_2)                               0.01      0.01       1.92 r
  n49073 (net)                                  2                   0.00       1.92 r
  U54954/X (STH_OAI21_V1T_1)                              0.01      0.01       1.93 f
  n25388 (net)                                  1                   0.00       1.93 f
  U36097/X (STH_EO2_V2MM_1)                               0.01      0.02       1.96 f
  n20183 (net)                                  1                   0.00       1.96 f
  U40757/X (STH_ND2_T_0P8)                                0.01      0.01       1.97 r
  n20182 (net)                                  1                   0.00       1.97 r
  U61082/X (STH_AOI21_MM_2)                               0.01      0.01       1.98 f
  n13944 (net)                                  1                   0.00       1.98 f
  U31921/X (STH_NR3_T_0P65)                               0.02      0.02       2.00 r
  n10226 (net)                                  1                   0.00       2.00 r
  U12529/X (STH_NR2_T_2)                                  0.01      0.02       2.02 f
  n7537 (net)                                   1                   0.00       2.02 f
  U32873/X (STH_ND2_T_5)                                  0.01      0.01       2.03 r
  n13968 (net)                                  2                   0.00       2.03 r
  U20791/X (STH_NR2_T_3)                                  0.01      0.01       2.03 f
  n10588 (net)                                  3                   0.00       2.03 f
  U66058/X (STH_NR3_T_1)                                  0.01      0.01       2.04 r
  n7679 (net)                                   1                   0.00       2.04 r
  U12195/X (STH_INV_N250_1)                               0.01      0.01       2.06 f
  n9251 (net)                                   2                   0.00       2.06 f
  U12441/X (STH_NR2_T_1)                                  0.01      0.01       2.07 r
  n89717 (net)                                  1                   0.00       2.07 r
  U74320/X (STH_NR3_T_2)                                  0.01      0.01       2.08 f
  n9243 (net)                                   1                   0.00       2.08 f
  U85212/X (STH_NR2_T_2)                                  0.01      0.01       2.09 r
  n90780 (net)                                  1                   0.00       2.09 r
  U80450/X (STH_AOI21_MM_4)                               0.02      0.01       2.10 f
  n90402 (net)                                  1                   0.00       2.10 f
  U28599/X (STH_ND2_T_6)                                  0.01      0.01       2.11 r
  n24750 (net)                                  2                   0.00       2.11 r
  U20839/X (STH_INV_N250_10)                              0.01      0.01       2.12 f
  n71591 (net)                                  4                   0.00       2.12 f
  U11922/X (STH_DEL_L4V1_4)                               0.01      0.04       2.16 f
  n71768 (net)                                  6                   0.00       2.16 f
  U71614/X (STH_NR2_T_0P5)                                0.02      0.01       2.17 r
  n71771 (net)                                  1                   0.00       2.17 r
  U63069/X (STH_OAI21_V1T_1)                              0.01      0.01       2.19 f
  n71772 (net)                                  1                   0.00       2.19 f
  U40165/X (STH_ND2_T_0P8)                                0.02      0.02       2.20 r
  n26339 (net)                                  1                   0.00       2.20 r
  U21212/X (STH_AOI22_MM_4)                               0.02      0.02       2.22 f
  n71775 (net)                                  1                   0.00       2.22 f
  U54800/X (STH_ND2_T_8)                                  0.01      0.01       2.23 r
  n90270 (net)                                  1                   0.00       2.23 r
  U79766/X (STH_ND2_T_16)                                 0.01      0.01       2.24 f
  n72674 (net)                                 13                   0.00       2.24 f
  U11145/X (STH_NR2_T_3)                                  0.01      0.01       2.26 r
  n10525 (net)                                  3                   0.00       2.26 r
  U11100/X (STH_NR2_T_2)                                  0.01      0.01       2.26 f
  n7228 (net)                                   1                   0.00       2.26 f
  U22163/X (STH_NR3_T_2)                                  0.01      0.01       2.28 r
  n29912 (net)                                  2                   0.00       2.28 r
  U21000/X (STH_NR2_T_2)                                  0.01      0.01       2.29 f
  n22459 (net)                                  2                   0.00       2.29 f
  U52899/X (STH_OAI21_MM_4)                               0.01      0.01       2.30 r
  n27608 (net)                                  3                   0.00       2.30 r
  U92855/X (STH_ND2_T_0P5)                                0.03      0.02       2.32 f
  n75420 (net)                                  3                   0.00       2.32 f
  U72985/X (STH_AOI21_MM_2)                               0.01      0.02       2.33 r
  n75376 (net)                                  5                   0.00       2.33 r
  U39946/X (STH_OAI21_V1T_1)                              0.02      0.02       2.35 f
  n75393 (net)                                  4                   0.00       2.35 f
  U47242/X (STH_ND2_T_1P5)                                0.01      0.01       2.36 r
  n75392 (net)                                  2                   0.00       2.36 r
  U27606/X (STH_INV_N250_1P25)                            0.01      0.01       2.37 f
  n11748 (net)                                  1                   0.00       2.37 f
  U31319/X (STH_NR2_T_1)                                  0.01      0.01       2.38 r
  n73684 (net)                                  3                   0.00       2.38 r
  U27591/X (STH_AOI21_MM_1)                               0.01      0.01       2.40 f
  n20702 (net)                                  1                   0.00       2.40 f
  U49837/X (STH_AOI21_T_0P5)                              0.01      0.01       2.41 r
  n73673 (net)                                  1                   0.00       2.41 r
  U54152/X (STH_ND2_T_0P5)                                0.01      0.01       2.42 f
  n84596 (net)                                  1                   0.00       2.42 f
  Dedicated_PE_Hw_4_div_31_R_80455/D (STH_FSDPQO_D_1)     0.01      0.00       2.42 f
  data arrival time                                                            2.42

  clock ideal_clock1 (rise edge)                                    0.70       0.70
  clock network delay (ideal)                                       0.00       0.70
  Dedicated_PE_Hw_4_div_31_R_80455/CK (STH_FSDPQO_D_1)              0.00       0.70 r
  library setup time                                               -0.03       0.67
  data required time                                                           0.67
  ---------------------------------------------------------------------------------------------------------
  data required time                                                           0.67
  data arrival time                                                           -2.42
  ---------------------------------------------------------------------------------------------------------
  slack (VIOLATED)                                                            -1.75


1
