 
****************************************
Report : area
Design : Cgra_Hw
Version: P-2019.03
Date   : Mon Mar 25 00:09:25 2019
****************************************

Library(s) Used:

    um28nphhlogl30hsh140f_ffgbc0p99vn40c (File: /home/sihao/Synopsys/UMC_28nm/UltraHighDensity/LogicLibrary/30nm/HPC_plus/HVT/liberty/ccs/um28nphhlogl30hsh140f_ffgbc0p99vn40c.db)

Number of ports:                        21059
Number of nets:                        188884
Number of cells:                       168360
Number of combinational cells:         123080
Number of sequential cells:             22562
Number of macros/black boxes:               0
Number of buf/inv:                      38215
Number of references:                      30

Combinational area:             110253.527199
Buf/Inv area:                    13994.399826
Noncombinational area:           72224.038017
Macro/Black Box area:                0.000000
Net Interconnect area:      undefined  (No wire load specified)

Total cell area:                182477.565215
Total area:                 undefined

Area of detected synthetic parts
--------------------------------
                                         Perc. of
  Module     Implem.  Count        Area cell area
  ---------- -------  ----- ----------- ---------
  DW01_add   apparch      6   2474.6323      1.4%
  DW_cmp     apparch      1    206.9756      0.1%
  DW_div_uns    cla3      1  45271.1133     24.8%
  ---------- -------  ----- ----------- ---------
  Total:                  8  47952.7212     26.3%

Estimated area of ungrouped synthetic parts
-------------------------------------------
                                    Estimated  Perc. of
  Module            Implem.  Count       Area cell area
  ----------------- -------  ----- ---------- ---------
  DP_OP_51_122_3833     str      2    33.6000      0.0%
  DP_OP_51_123_1831     str      4    67.2000      0.0%
  DW01_inc          apparch     28   127.0080      0.1%
  DW_cmp            apparch     12   141.1200      0.1%
  ----------------- -------  ----- ---------- ---------
  DP_OP Subtotal:                6   100.8000      0.1%
  Total:                        46   368.9280      0.2%

Subtotal of datapath(DP_OP) cell area:  100.8000  0.1%  (estimated)
Total synthetic cell area:              48321.6492  26.5%  (estimated)

1
