Information: Updating design information... (UID-85)
Warning: Design 'Cgra_Hw' contains 1 high-fanout nets. A fanout number of 1000 will be used for delay calculations involving these nets. (TIM-134)
 
****************************************
Report : qor
Design : Cgra_Hw
Version: P-2019.03
Date   : Mon Mar 25 00:09:23 2019
****************************************


  Timing Path Group 'ideal_clock1'
  -----------------------------------
  Levels of Logic:             808.00
  Critical Path Length:          8.94
  Critical Path Slack:          -7.28
  Critical Path Clk Period:      1.60
  Total Negative Slack:       -766.91
  No. of Violating Paths:     1146.00
  Worst Hold Violation:         -0.05
  Total Hold Violation:         -2.78
  No. of Hold Violations:       58.00
  -----------------------------------


  Cell Count
  -----------------------------------
  Hierarchical Cell Count:         76
  Hierarchical Port Count:      20789
  Leaf Cell Count:             145642
  Buf/Inv Cell Count:           38215
  Buf Cell Count:                   0
  Inv Cell Count:               38215
  CT Buf/Inv Cell Count:            0
  Combinational Cell Count:    123080
  Sequential Cell Count:        22562
  Macro Count:                      0
  -----------------------------------


  Area
  -----------------------------------
  Combinational Area:   110253.527199
  Noncombinational Area: 72224.038017
  Buf/Inv Area:          13994.399826
  Total Buffer Area:             0.00
  Total Inverter Area:       13994.40
  Macro/Black Box Area:      0.000000
  Net Area:                  0.000000
  -----------------------------------
  Cell Area:            182477.565215
  Design Area:          182477.565215


  Design Rules
  -----------------------------------
  Total Number of Nets:        168438
  Nets With Violations:             0
  Max Trans Violations:             0
  Max Cap Violations:               0
  -----------------------------------


  Hostname: pyrito

  Compile CPU Statistics
  -----------------------------------------
  Resource Sharing:                    0.00
  Logic Optimization:                  0.00
  Mapping Optimization:                0.00
  -----------------------------------------
  Overall Compile Time:             2887.27
  Overall Compile Wall Clock Time:  1158.39

  --------------------------------------------------------------------

  Design  WNS: 7.28  TNS: 766.91  Number of Violating Paths: 1146


  Design (Hold)  WNS: 0.05  TNS: 2.78  Number of Violating Paths: 58

  --------------------------------------------------------------------


1
