Information: Propagating switching activity (low effort zero delay simulation). (PWR-6)
Warning: Design has unannotated primary inputs. (PWR-414)
Warning: Design has unannotated sequential cell outputs. (PWR-415)
 
****************************************
Report : power
        -analysis_effort low
Design : Cgra_Hw
Version: P-2019.03
Date   : Sun Mar 24 11:45:54 2019
****************************************


Library(s) Used:

    um28nphhlogl30hsh140f_ffgbc0p99vn40c (File: /home/sihao/Synopsys/UMC_28nm/UltraHighDensity/LogicLibrary/30nm/HPC_plus/HVT/liberty/ccs/um28nphhlogl30hsh140f_ffgbc0p99vn40c.db)


Operating Conditions: FFGBC0P99VN40C   Library: um28nphhlogl30hsh140f_ffgbc0p99vn40c
Wire Load Model Mode: enclosed

Design        Wire Load Model            Library
------------------------------------------------


Global Operating Voltage = 0.99 
Power-specific unit information :
    Voltage Units = 1V
    Capacitance Units = 1.000000pf
    Time Units = 1ns
    Dynamic Power Units = 1mW    (derived from V,C,T units)
    Leakage Power Units = 1nW


  Cell Internal Power  =  75.2438 mW   (88%)
  Net Switching Power  =  10.5364 mW   (12%)
                         ---------
Total Dynamic Power    =  85.7802 mW  (100%)

Cell Leakage Power     =  83.1788 uW


                 Internal         Switching           Leakage            Total
Power Group      Power            Power               Power              Power   (   %    )  Attrs
--------------------------------------------------------------------------------------------------
io_pad             0.0000            0.0000            0.0000            0.0000  (   0.00%)
memory             0.0000            0.0000            0.0000            0.0000  (   0.00%)
black_box          0.0000            0.0000            0.0000            0.0000  (   0.00%)
clock_network      0.0000            0.0000            0.0000            0.0000  (   0.00%)
register          68.7638            1.2083        4.6013e+04           70.0183  (  81.55%)
sequential         0.0000            0.0000            0.0000            0.0000  (   0.00%)
combinational      6.4801            9.3282        3.7166e+04           15.8453  (  18.45%)
--------------------------------------------------------------------------------------------------
Total             75.2439 mW        10.5365 mW     8.3179e+04 nW        85.8636 mW
1
