 
****************************************
Report : area
Design : Cgra_Hw
Version: P-2019.03
Date   : Sun Mar 24 11:45:38 2019
****************************************

Library(s) Used:

    um28nphhlogl30hsh140f_ffgbc0p99vn40c (File: /home/sihao/Synopsys/UMC_28nm/UltraHighDensity/LogicLibrary/30nm/HPC_plus/HVT/liberty/ccs/um28nphhlogl30hsh140f_ffgbc0p99vn40c.db)

Number of ports:                         8134
Number of nets:                        178740
Number of cells:                       170767
Number of combinational cells:         143921
Number of sequential cells:             24402
Number of macros/black boxes:               0
Number of buf/inv:                      36872
Number of references:                     203

Combinational area:              98202.047129
Buf/Inv area:                    14638.847862
Noncombinational area:           81154.245870
Macro/Black Box area:                0.000000
Net Interconnect area:      undefined  (No wire load specified)

Total cell area:                179356.292999
Total area:                 undefined
1
