 
****************************************
Report : area
Design : Cgra_Hw
Version: P-2019.03
Date   : Sun Mar 24 19:29:03 2019
****************************************

Library(s) Used:

    um28nphhlogl30hsh140f_ffgbc0p99vn40c (File: /home/sihao/Synopsys/UMC_28nm/UltraHighDensity/LogicLibrary/30nm/HPC_plus/HVT/liberty/ccs/um28nphhlogl30hsh140f_ffgbc0p99vn40c.db)

Number of ports:                        21059
Number of nets:                        189213
Number of cells:                       168689
Number of combinational cells:         123410
Number of sequential cells:             22562
Number of macros/black boxes:               0
Number of buf/inv:                      38211
Number of references:                      30

Combinational area:             111159.383184
Buf/Inv area:                    14109.143826
Noncombinational area:           72224.206017
Macro/Black Box area:                0.000000
Net Interconnect area:      undefined  (No wire load specified)

Total cell area:                183383.589201
Total area:                 undefined

Area of detected synthetic parts
--------------------------------
                                         Perc. of
  Module     Implem.  Count        Area cell area
  ---------- -------  ----- ----------- ---------
  DW01_add   apparch      6   2475.6403      1.3%
  DW_cmp     apparch      1    206.9756      0.1%
  DW_div_uns    cla3      1  45848.4961     25.0%
  ---------- -------  ----- ----------- ---------
  Total:                  8  48531.1120     26.5%

Estimated area of ungrouped synthetic parts
-------------------------------------------
                                    Estimated  Perc. of
  Module            Implem.  Count       Area cell area
  ----------------- -------  ----- ---------- ---------
  DP_OP_51_122_3833     str      2    33.6000      0.0%
  DP_OP_51_123_1831     str      4    67.2000      0.0%
  DW01_inc          apparch     28   127.0080      0.1%
  DW_cmp            apparch     12   141.1200      0.1%
  ----------------- -------  ----- ---------- ---------
  DP_OP Subtotal:                6   100.8000      0.1%
  Total:                        46   368.9280      0.2%

Subtotal of datapath(DP_OP) cell area:  100.8000  0.1%  (estimated)
Total synthetic cell area:              48900.0400  26.7%  (estimated)

1
